Package                 Version
----------------------- -----------------
absl-py                 1.3.0
accelerate              0.15.0
aiohttp                 3.8.3
aiosignal               1.3.1
ansiwrap                0.8.4
anyio                   3.6.2
appdirs                 1.4.4
apsw                    3.40.0.0
astroid                 2.12.13
async-generator         1.10
async-timeout           4.0.2
attrs                   22.2.0
autocommand             2.2.2
autopep8                1.6.0
beautifulsoup4          4.11.1
blessed                 1.19.1
Brotli                  1.0.9
brotlicffi              1.0.9.2
bs4                     0.0.1
btrfsutil               6.1
cachetools              5.2.0
cchardet                2.1.7
certifi                 2022.9.24
cffi                    1.15.1
chardet                 5.1.0
charset-normalizer      2.1.1
cloudscraper            1.2.48
colorama                0.4.6
commonmark              0.9.1
cryptography            38.0.4
css-parser              1.0.8
cssselect               1.2.0
Cython                  0.29.32
dataclasses-json        0.5.7
defusedxml              0.7.1
diffusers               0.12.0.dev0
dill                    0.3.6
distro                  1.8.0
dnspython               2.2.1
docopt                  0.6.2
docstring-to-markdown   0.11
epy-reader              2022.12.11
evdev                   1.6.0
exceptiongroup          1.0.4
feedparser              6.0.10
ffmpeg-python           0.2.0
filelock                3.8.2
flake8                  5.0.4
frozenlist              1.3.3
fsspec                  2022.11.0
funcy                   1.17
future                  0.18.2
Glances                 3.3.0
google-auth             2.15.0
google-auth-oauthlib    0.4.6
grpcio                  1.48.1
grpcio-tools            1.48.1
h11                     0.14.0
html2text               2020.1.16
html5-parser            0.4.10
html5lib                1.1
httpcore                0.16.3
httpx                   0.23.1
huggingface-hub         0.11.1
idna                    3.4
ifaddr                  0.2.0
importlib-metadata      5.2.0
inflate64               0.3.1
inflect                 6.0.2
iniconfig               1.1.1
isodate                 0.6.1
isort                   5.11.3
jaraco.context          4.2.0
jaraco.functools        3.5.2
jaraco.text             3.11.0
jedi                    0.18.2
jeepney                 0.8.0
Jinja2                  3.1.2
keyboard                0.13.5
koneko                  0.13.0
lazy-object-proxy       1.8.0
lightning-utilities     0.4.2
lxml                    4.9.2
Markdown                3.4.1
MarkupSafe              2.1.1
marshmallow             3.19.0
marshmallow-enum        1.5.1
mccabe                  0.7.0
mechanize               0.4.8
more-itertools          9.0.0
msgpack                 1.0.4
multidict               6.0.3
multivolumefile         0.2.3
mypy-extensions         0.4.3
netifaces               0.11.0
nftables                0.1
numpy                   1.23.5
oauthlib                3.2.2
opencolorio             2.1.2
ordered-set             4.1.0
outcome                 1.2.0
packaging               22.0
pandas                  1.5.2
parso                   0.8.3
pdftotext               2.2.2
pick                    1.6.0
Pillow                  9.3.0
pip                     22.3.1
pixcat                  0.1.4
PixivPy                 3.7.0
placeholder             1.4
platformdirs            2.6.0
pluggy                  1.0.0
ply                     3.11
plyer                   2.1.0
protobuf                3.19.5
psutil                  5.9.4
py7zr                   0.20.2
pyaml                   21.10.1
pyasn1                  0.4.8
pyasn1-modules          0.2.8
PyAudio                 0.2.12
pybcj                   1.0.1
pycairo                 1.23.0
pychm                   0.8.6
pycodestyle             2.9.1
pycountry               22.3.5
pycparser               2.21
pycryptodome            3.16.0
pycryptodomex           3.12.0
pydantic                1.10.4
pydocstyle              6.1.1
pyflakes                2.5.0
pygame                  2.1.2
Pygments                2.13.0
PyGObject               3.42.2
pylint                  2.15.9
pyparsing               3.0.9
pyppmd                  1.0.0
PyQt5                   5.15.7
PyQt5-sip               12.11.0
PyQt6                   6.4.0
PyQt6-sip               13.4.0
PyQt6-WebEngine         6.4.0
PyQtWebEngine           5.15.6
PySide6                 6.4.1
PySide6-Addons          6.4.1
PySide6-Essentials      6.4.1
PySocks                 1.7.1
pystache                0.6.0
pytest                  7.2.0
pytest-mock             3.10.0
pytest-runner           6.0.0
python-dateutil         2.8.2
python-dotenv           0.21.0
python-lsp-jsonrpc      1.0.0
python-lsp-server       1.6.0
python-mpd2             3.0.5
python-xlib             0.31
pytoolconfig            1.2.4
pytorch-lightning       1.8.5.post0
pytz                    2022.6
PyYAML                  6.0
pyzmq                   24.0.1
pyzstd                  0.15.3
qrcode                  7.3.1
qutebrowser             2.5.2
Reflector               2021.11.20.2.41.3
regex                   2022.10.31
requests                2.28.1
requests-oauthlib       1.3.1
requests-toolbelt       0.10.1
returns                 0.19.0
rfc3986                 1.5.0
rich                    12.6.0
rope                    1.6.0
rsa                     4.9
scipy                   1.9.3
selenium                4.7.2
setproctitle            1.3.2
setuptools              65.6.3
sgmllib3k               1.0.0
shiboken6               6.4.1
shtab                   1.5.8
six                     1.16.0
sniffio                 1.3.0
snowballstemmer         2.2.0
sortedcontainers        2.4.0
soupsieve               2.3.2.post1
stability-sdk           0.3.1
streamlink              5.1.2
team                    1.0
tensorboard             2.11.0
tensorboard-data-server 0.6.1
tensorboard-plugin-wit  1.8.1
tensorboardX            2.5.1
termcolor               2.1.1
texttable               1.6.7
tiler                   0.5.7
tldr                    3.1.0
tokenizers              0.13.2
toml                    0.10.2
tomli                   2.0.1
tomlkit                 0.11.6
torch                   1.13.1+cu117
torchmetrics            0.11.0
tqdm                    4.64.1
transformers            4.25.1
trio                    0.22.0
trio-websocket          0.9.2
trove-classifiers       2022.12.22
typing_extensions       4.4.0
typing-inspect          0.8.0
ueberzug                18.1.9
ujson                   5.6.0
unrardll                0.1.5
urllib3                 1.26.13
validate-pyproject      0.10.1
wcwidth                 0.2.5
webencodings            0.5.1
websocket-client        1.4.2
Werkzeug                2.2.2
whatthepatch            1.0.3
wheel                   0.38.4
wrapt                   1.14.1
wsproto                 1.2.0
yapf                    0.32.0
yarl                    1.8.2
youtube-dl              2021.12.17
yt-dlp                  2022.11.11
zeroconf                0.39.4
zipp                    3.11.0
