abdelposada.wissar-fleetheme
alexdauenhauer.catppuccin-noctis
AMiner.codegeex
anto.vs-fleet
castello-dev.bash-snippets
Chukwuamaka.csvtojson-converter
iliazeus.vscode-ansi
jannek-aalto.shell-function-outline
mechatroner.rainbow-csv
MichaelZhou.fleet-theme
ms-python.isort
ms-python.python
ms-python.vscode-pylance
ms-toolsai.jupyter
ms-toolsai.jupyter-keymap
ms-toolsai.jupyter-renderers
ms-toolsai.vscode-jupyter-cell-tags
ms-toolsai.vscode-jupyter-slideshow
naumovs.color-highlight
Seven1bit.vscode-ext-ansi-color-highlight
shakram02.bash-beautify
timonwong.shellcheck
VisualStudioExptTeam.intellicode-api-usage-examples
VisualStudioExptTeam.vscodeintellicode
vscode-icons-team.vscode-icons
